<?xml version="1.0" encoding="UTF-8"?>
<!-- Generated by org.testng.reporters.JUnitXMLReporter -->
<testsuite hostname="DESKTOP-C5HHGRT" ignored="0" name="Test" tests="14" failures="0" timestamp="2020-02-12T23:26:32 EST" time="273.863" errors="0">
  <testcase name="newcontact" time="3.358" classname="com.cra.QA.testcases.ContactsTest"/>
  <testcase name="newcontact" time="3.588" classname="com.cra.QA.testcases.ContactsTest"/>
  <testcase name="newcontact" time="3.585" classname="com.cra.QA.testcases.ContactsTest"/>
  <testcase name="newcontact" time="3.31" classname="com.cra.QA.testcases.ContactsTest"/>
  <testcase name="usercheck" time="1.969" classname="com.cra.QA.testcases.HomePageTest"/>
  <testcase name="contactspagetest" time="2.007" classname="com.cra.QA.testcases.HomePageTest"/>
  <testcase name="Dealspagetest" time="2.092" classname="com.cra.QA.testcases.HomePageTest"/>
  <testcase name="newdeal" time="1.827" classname="com.cra.QA.testcases.DealTest"/>
  <testcase name="newdeal" time="2.075" classname="com.cra.QA.testcases.DealTest"/>
  <testcase name="newdeal" time="1.838" classname="com.cra.QA.testcases.DealTest"/>
  <testcase name="newdeal" time="1.74" classname="com.cra.QA.testcases.DealTest"/>
  <testcase name="title" time="0.021" classname="com.cra.QA.testcases.TestLogin"/>
  <testcase name="image" time="2.987" classname="com.cra.QA.testcases.TestLogin"/>
  <testcase name="login" time="1.23" classname="com.cra.QA.testcases.TestLogin"/>
</testsuite> <!-- Test -->
